{"/Users/mdavis/Desktop/FACN1/week8/Reavis/src/server.js":{"path":"/Users/mdavis/Desktop/FACN1/week8/Reavis/src/server.js","s":{"1":1,"2":1,"3":1,"4":1,"5":1,"6":1,"7":1,"8":1,"9":1,"10":1,"11":0,"12":1,"13":1,"14":1,"15":1,"16":0,"17":1,"18":1,"19":1,"20":1},"b":{"1":[1,0],"2":[1,1],"3":[0,1]},"f":{},"fnMap":{},"statementMap":{"1":{"start":{"line":1,"column":0},"end":{"line":1,"column":29}},"2":{"start":{"line":2,"column":0},"end":{"line":2,"column":33}},"3":{"start":{"line":3,"column":0},"end":{"line":3,"column":44}},"4":{"start":{"line":4,"column":0},"end":{"line":4,"column":31}},"5":{"start":{"line":5,"column":0},"end":{"line":5,"column":34}},"6":{"start":{"line":6,"column":0},"end":{"line":6,"column":38}},"7":{"start":{"line":7,"column":0},"end":{"line":7,"column":32}},"8":{"start":{"line":9,"column":0},"end":{"line":14,"column":2}},"9":{"start":{"line":10,"column":2},"end":{"line":12,"column":3}},"10":{"start":{"line":11,"column":4},"end":{"line":11,"column":32}},"11":{"start":{"line":13,"column":2},"end":{"line":13,"column":31}},"12":{"start":{"line":17,"column":0},"end":{"line":23,"column":3}},"13":{"start":{"line":25,"column":0},"end":{"line":27,"column":3}},"14":{"start":{"line":29,"column":0},"end":{"line":49,"column":3}},"15":{"start":{"line":30,"column":2},"end":{"line":30,"column":25}},"16":{"start":{"line":30,"column":13},"end":{"line":30,"column":25}},"17":{"start":{"line":32,"column":2},"end":{"line":42,"column":5}},"18":{"start":{"line":43,"column":2},"end":{"line":47,"column":5}},"19":{"start":{"line":48,"column":2},"end":{"line":48,"column":23}},"20":{"start":{"line":51,"column":0},"end":{"line":51,"column":24}}},"branchMap":{"1":{"line":10,"type":"if","locations":[{"start":{"line":10,"column":2},"end":{"line":10,"column":2}},{"start":{"line":10,"column":2},"end":{"line":10,"column":2}}]},"2":{"line":26,"type":"binary-expr","locations":[{"start":{"line":26,"column":8},"end":{"line":26,"column":24}},{"start":{"line":26,"column":28},"end":{"line":26,"column":32}}]},"3":{"line":30,"type":"if","locations":[{"start":{"line":30,"column":2},"end":{"line":30,"column":2}},{"start":{"line":30,"column":2},"end":{"line":30,"column":2}}]}}},"/Users/mdavis/Desktop/FACN1/week8/Reavis/src/routes/index.js":{"path":"/Users/mdavis/Desktop/FACN1/week8/Reavis/src/routes/index.js","s":{"1":1,"2":1,"3":1,"4":1,"5":1,"6":1,"7":1,"8":1,"9":1},"b":{},"f":{},"fnMap":{},"statementMap":{"1":{"start":{"line":1,"column":0},"end":{"line":1,"column":53}},"2":{"start":{"line":2,"column":0},"end":{"line":2,"column":46}},"3":{"start":{"line":3,"column":0},"end":{"line":3,"column":57}},"4":{"start":{"line":4,"column":0},"end":{"line":4,"column":52}},"5":{"start":{"line":5,"column":0},"end":{"line":5,"column":55}},"6":{"start":{"line":6,"column":0},"end":{"line":6,"column":59}},"7":{"start":{"line":7,"column":0},"end":{"line":7,"column":59}},"8":{"start":{"line":8,"column":0},"end":{"line":8,"column":57}},"9":{"start":{"line":10,"column":0},"end":{"line":19,"column":2}}},"branchMap":{}},"/Users/mdavis/Desktop/FACN1/week8/Reavis/src/routes/viewroutes/home.js":{"path":"/Users/mdavis/Desktop/FACN1/week8/Reavis/src/routes/viewroutes/home.js","s":{"1":1,"2":1,"3":1,"4":1,"5":0,"6":0,"7":1,"8":1,"9":1,"10":1,"11":0,"12":0,"13":0,"14":1,"15":1,"16":1,"17":1},"b":{"1":[0,1],"2":[0,1]},"f":{},"fnMap":{},"statementMap":{"1":{"start":{"line":1,"column":0},"end":{"line":1,"column":48}},"2":{"start":{"line":3,"column":0},"end":{"line":28,"column":3}},"3":{"start":{"line":3,"column":36},"end":{"line":28,"column":2}},"4":{"start":{"line":4,"column":2},"end":{"line":7,"column":3}},"5":{"start":{"line":5,"column":4},"end":{"line":5,"column":21}},"6":{"start":{"line":6,"column":4},"end":{"line":6,"column":27}},"7":{"start":{"line":9,"column":2},"end":{"line":9,"column":19}},"8":{"start":{"line":10,"column":2},"end":{"line":10,"column":21}},"9":{"start":{"line":11,"column":2},"end":{"line":11,"column":25}},"10":{"start":{"line":13,"column":2},"end":{"line":17,"column":3}},"11":{"start":{"line":14,"column":4},"end":{"line":14,"column":50}},"12":{"start":{"line":15,"column":4},"end":{"line":15,"column":53}},"13":{"start":{"line":16,"column":4},"end":{"line":16,"column":22}},"14":{"start":{"line":19,"column":2},"end":{"line":26,"column":4}},"15":{"start":{"line":27,"column":2},"end":{"line":27,"column":35}},"16":{"start":{"line":31,"column":0},"end":{"line":35,"column":2}},"17":{"start":{"line":37,"column":0},"end":{"line":37,"column":25}}},"branchMap":{"1":{"line":4,"type":"if","locations":[{"start":{"line":4,"column":2},"end":{"line":4,"column":2}},{"start":{"line":4,"column":2},"end":{"line":4,"column":2}}]},"2":{"line":13,"type":"if","locations":[{"start":{"line":13,"column":2},"end":{"line":13,"column":2}},{"start":{"line":13,"column":2},"end":{"line":13,"column":2}}]}}},"/Users/mdavis/Desktop/FACN1/week8/Reavis/src/queries/query.js":{"path":"/Users/mdavis/Desktop/FACN1/week8/Reavis/src/queries/query.js","s":{"1":1,"2":1,"3":3,"4":1,"5":0,"6":0,"7":1,"8":0,"9":1,"10":0,"11":0,"12":0,"13":0,"14":0,"15":1},"b":{"1":[0,0]},"f":{},"fnMap":{},"statementMap":{"1":{"start":{"line":1,"column":0},"end":{"line":1,"column":64}},"2":{"start":{"line":4,"column":0},"end":{"line":6,"column":2}},"3":{"start":{"line":5,"column":2},"end":{"line":5,"column":98}},"4":{"start":{"line":8,"column":0},"end":{"line":12,"column":2}},"5":{"start":{"line":9,"column":2},"end":{"line":9,"column":35}},"6":{"start":{"line":10,"column":2},"end":{"line":11,"column":203}},"7":{"start":{"line":15,"column":0},"end":{"line":17,"column":2}},"8":{"start":{"line":16,"column":2},"end":{"line":16,"column":214}},"9":{"start":{"line":19,"column":0},"end":{"line":27,"column":2}},"10":{"start":{"line":20,"column":2},"end":{"line":26,"column":5}},"11":{"start":{"line":21,"column":4},"end":{"line":24,"column":5}},"12":{"start":{"line":22,"column":6},"end":{"line":22,"column":61}},"13":{"start":{"line":23,"column":6},"end":{"line":23,"column":17}},"14":{"start":{"line":25,"column":4},"end":{"line":25,"column":101}},"15":{"start":{"line":29,"column":0},"end":{"line":29,"column":60}}},"branchMap":{"1":{"line":21,"type":"if","locations":[{"start":{"line":21,"column":4},"end":{"line":21,"column":4}},{"start":{"line":21,"column":4},"end":{"line":21,"column":4}}]}}},"/Users/mdavis/Desktop/FACN1/week8/Reavis/database/db_connection.js":{"path":"/Users/mdavis/Desktop/FACN1/week8/Reavis/database/db_connection.js","s":{"1":1,"2":1,"3":1,"4":1,"5":0,"6":1,"7":1,"8":1,"9":1,"10":1},"b":{"1":[0,1],"2":[1,1]},"f":{},"fnMap":{},"statementMap":{"1":{"start":{"line":1,"column":0},"end":{"line":1,"column":31}},"2":{"start":{"line":2,"column":0},"end":{"line":2,"column":27}},"3":{"start":{"line":3,"column":0},"end":{"line":3,"column":32}},"4":{"start":{"line":5,"column":0},"end":{"line":5,"column":95}},"5":{"start":{"line":5,"column":31},"end":{"line":5,"column":95}},"6":{"start":{"line":7,"column":0},"end":{"line":7,"column":51}},"7":{"start":{"line":8,"column":0},"end":{"line":8,"column":48}},"8":{"start":{"line":10,"column":0},"end":{"line":17,"column":2}},"9":{"start":{"line":19,"column":0},"end":{"line":19,"column":45}},"10":{"start":{"line":21,"column":0},"end":{"line":21,"column":35}}},"branchMap":{"1":{"line":5,"type":"if","locations":[{"start":{"line":5,"column":0},"end":{"line":5,"column":0}},{"start":{"line":5,"column":0},"end":{"line":5,"column":0}}]},"2":{"line":14,"type":"binary-expr","locations":[{"start":{"line":14,"column":7},"end":{"line":14,"column":37}},{"start":{"line":14,"column":41},"end":{"line":14,"column":42}}]}}},"/Users/mdavis/Desktop/FACN1/week8/Reavis/src/routes/static.js":{"path":"/Users/mdavis/Desktop/FACN1/week8/Reavis/src/routes/static.js","s":{"1":1},"b":{},"f":{},"fnMap":{},"statementMap":{"1":{"start":{"line":1,"column":0},"end":{"line":9,"column":2}}},"branchMap":{}},"/Users/mdavis/Desktop/FACN1/week8/Reavis/src/routes/viewroutes/search.js":{"path":"/Users/mdavis/Desktop/FACN1/week8/Reavis/src/routes/viewroutes/search.js","s":{"1":1,"2":1,"3":0,"4":0,"5":0,"6":0,"7":0,"8":0,"9":0,"10":0,"11":0,"12":0,"13":0,"14":0,"15":0,"16":0,"17":0,"18":0,"19":0,"20":1,"21":1},"b":{"1":[0,0],"2":[0,0],"3":[0,0]},"f":{},"fnMap":{},"statementMap":{"1":{"start":{"line":1,"column":0},"end":{"line":1,"column":48}},"2":{"start":{"line":3,"column":0},"end":{"line":43,"column":2}},"3":{"start":{"line":4,"column":2},"end":{"line":4,"column":63}},"4":{"start":{"line":5,"column":2},"end":{"line":42,"column":5}},"5":{"start":{"line":6,"column":4},"end":{"line":9,"column":5}},"6":{"start":{"line":7,"column":6},"end":{"line":7,"column":23}},"7":{"start":{"line":8,"column":6},"end":{"line":8,"column":29}},"8":{"start":{"line":11,"column":4},"end":{"line":11,"column":21}},"9":{"start":{"line":12,"column":4},"end":{"line":12,"column":23}},"10":{"start":{"line":13,"column":4},"end":{"line":13,"column":27}},"11":{"start":{"line":15,"column":4},"end":{"line":19,"column":5}},"12":{"start":{"line":16,"column":6},"end":{"line":16,"column":52}},"13":{"start":{"line":17,"column":6},"end":{"line":17,"column":55}},"14":{"start":{"line":18,"column":6},"end":{"line":18,"column":24}},"15":{"start":{"line":21,"column":4},"end":{"line":31,"column":5}},"16":{"start":{"line":22,"column":6},"end":{"line":28,"column":8}},"17":{"start":{"line":30,"column":6},"end":{"line":30,"column":42}},"18":{"start":{"line":32,"column":6},"end":{"line":39,"column":8}},"19":{"start":{"line":40,"column":6},"end":{"line":40,"column":40}},"20":{"start":{"line":46,"column":0},"end":{"line":50,"column":2}},"21":{"start":{"line":52,"column":0},"end":{"line":52,"column":25}}},"branchMap":{"1":{"line":6,"type":"if","locations":[{"start":{"line":6,"column":4},"end":{"line":6,"column":4}},{"start":{"line":6,"column":4},"end":{"line":6,"column":4}}]},"2":{"line":15,"type":"if","locations":[{"start":{"line":15,"column":4},"end":{"line":15,"column":4}},{"start":{"line":15,"column":4},"end":{"line":15,"column":4}}]},"3":{"line":21,"type":"if","locations":[{"start":{"line":21,"column":4},"end":{"line":21,"column":4}},{"start":{"line":21,"column":4},"end":{"line":21,"column":4}}]}}},"/Users/mdavis/Desktop/FACN1/week8/Reavis/src/routes/addMember.js":{"path":"/Users/mdavis/Desktop/FACN1/week8/Reavis/src/routes/addMember.js","s":{"1":1,"2":1,"3":1,"4":0,"5":0,"6":0,"7":0,"8":0,"9":0,"10":1,"11":1},"b":{"1":[0,0]},"f":{},"fnMap":{},"statementMap":{"1":{"start":{"line":1,"column":0},"end":{"line":1,"column":45}},"2":{"start":{"line":2,"column":0},"end":{"line":2,"column":27}},"3":{"start":{"line":4,"column":0},"end":{"line":14,"column":2}},"4":{"start":{"line":5,"column":2},"end":{"line":11,"column":5}},"5":{"start":{"line":6,"column":4},"end":{"line":9,"column":5}},"6":{"start":{"line":7,"column":6},"end":{"line":7,"column":23}},"7":{"start":{"line":8,"column":6},"end":{"line":8,"column":29}},"8":{"start":{"line":10,"column":4},"end":{"line":10,"column":14}},"9":{"start":{"line":13,"column":2},"end":{"line":13,"column":22}},"10":{"start":{"line":16,"column":0},"end":{"line":31,"column":2}},"11":{"start":{"line":33,"column":0},"end":{"line":33,"column":25}}},"branchMap":{"1":{"line":6,"type":"if","locations":[{"start":{"line":6,"column":4},"end":{"line":6,"column":4}},{"start":{"line":6,"column":4},"end":{"line":6,"column":4}}]}}},"/Users/mdavis/Desktop/FACN1/week8/Reavis/src/routes/authroutes/login.js":{"path":"/Users/mdavis/Desktop/FACN1/week8/Reavis/src/routes/authroutes/login.js","s":{"1":1,"2":1,"3":1,"4":0,"5":0,"6":0,"7":1,"8":1},"b":{},"f":{},"fnMap":{},"statementMap":{"1":{"start":{"line":1,"column":0},"end":{"line":1,"column":43}},"2":{"start":{"line":2,"column":0},"end":{"line":2,"column":32}},"3":{"start":{"line":4,"column":0},"end":{"line":11,"column":2}},"4":{"start":{"line":5,"column":2},"end":{"line":8,"column":4}},"5":{"start":{"line":9,"column":2},"end":{"line":9,"column":55}},"6":{"start":{"line":10,"column":2},"end":{"line":10,"column":78}},"7":{"start":{"line":13,"column":0},"end":{"line":17,"column":2}},"8":{"start":{"line":19,"column":0},"end":{"line":19,"column":25}}},"branchMap":{}},"/Users/mdavis/Desktop/FACN1/week8/Reavis/src/routes/authroutes/welcome.js":{"path":"/Users/mdavis/Desktop/FACN1/week8/Reavis/src/routes/authroutes/welcome.js","s":{"1":1,"2":1,"3":1,"4":1,"5":1,"6":0,"7":0,"8":0,"9":0,"10":0,"11":0,"12":0,"13":0,"14":0,"15":0,"16":0,"17":0,"18":0,"19":0,"20":0,"21":0,"22":0,"23":0,"24":0,"25":0,"26":1,"27":1},"b":{"1":[0,0],"2":[0,0]},"f":{},"fnMap":{},"statementMap":{"1":{"start":{"line":1,"column":0},"end":{"line":1,"column":35}},"2":{"start":{"line":2,"column":0},"end":{"line":2,"column":48}},"3":{"start":{"line":3,"column":0},"end":{"line":3,"column":36}},"4":{"start":{"line":4,"column":0},"end":{"line":4,"column":32}},"5":{"start":{"line":7,"column":0},"end":{"line":64,"column":2}},"6":{"start":{"line":8,"column":2},"end":{"line":8,"column":38}},"7":{"start":{"line":10,"column":2},"end":{"line":14,"column":4}},"8":{"start":{"line":15,"column":2},"end":{"line":20,"column":4}},"9":{"start":{"line":21,"column":2},"end":{"line":63,"column":5}},"10":{"start":{"line":22,"column":4},"end":{"line":25,"column":5}},"11":{"start":{"line":23,"column":6},"end":{"line":23,"column":84}},"12":{"start":{"line":24,"column":6},"end":{"line":24,"column":29}},"13":{"start":{"line":26,"column":4},"end":{"line":29,"column":5}},"14":{"start":{"line":27,"column":6},"end":{"line":27,"column":83}},"15":{"start":{"line":28,"column":6},"end":{"line":28,"column":29}},"16":{"start":{"line":30,"column":4},"end":{"line":33,"column":6}},"17":{"start":{"line":34,"column":4},"end":{"line":37,"column":6}},"18":{"start":{"line":38,"column":4},"end":{"line":62,"column":7}},"19":{"start":{"line":39,"column":6},"end":{"line":39,"column":45}},"20":{"start":{"line":40,"column":6},"end":{"line":40,"column":58}},"21":{"start":{"line":41,"column":6},"end":{"line":44,"column":8}},"22":{"start":{"line":45,"column":6},"end":{"line":52,"column":8}},"23":{"start":{"line":53,"column":6},"end":{"line":53,"column":40}},"24":{"start":{"line":54,"column":6},"end":{"line":61,"column":9}},"25":{"start":{"line":55,"column":8},"end":{"line":60,"column":16}},"26":{"start":{"line":66,"column":0},"end":{"line":70,"column":2}},"27":{"start":{"line":72,"column":0},"end":{"line":72,"column":25}}},"branchMap":{"1":{"line":22,"type":"if","locations":[{"start":{"line":22,"column":4},"end":{"line":22,"column":4}},{"start":{"line":22,"column":4},"end":{"line":22,"column":4}}]},"2":{"line":26,"type":"if","locations":[{"start":{"line":26,"column":4},"end":{"line":26,"column":4}},{"start":{"line":26,"column":4},"end":{"line":26,"column":4}}]}}},"/Users/mdavis/Desktop/FACN1/week8/Reavis/src/routes/viewroutes/addform.js":{"path":"/Users/mdavis/Desktop/FACN1/week8/Reavis/src/routes/viewroutes/addform.js","s":{"1":1,"2":1,"3":2,"4":2,"5":0,"6":0,"7":2,"8":2,"9":1,"10":1,"11":1,"12":1,"13":1,"14":1,"15":1},"b":{"1":[0,2],"2":[1,1]},"f":{},"fnMap":{},"statementMap":{"1":{"start":{"line":1,"column":0},"end":{"line":1,"column":48}},"2":{"start":{"line":3,"column":0},"end":{"line":26,"column":3}},"3":{"start":{"line":3,"column":36},"end":{"line":26,"column":2}},"4":{"start":{"line":4,"column":2},"end":{"line":7,"column":3}},"5":{"start":{"line":5,"column":4},"end":{"line":5,"column":21}},"6":{"start":{"line":6,"column":4},"end":{"line":6,"column":27}},"7":{"start":{"line":9,"column":2},"end":{"line":16,"column":4}},"8":{"start":{"line":18,"column":2},"end":{"line":24,"column":3}},"9":{"start":{"line":19,"column":4},"end":{"line":19,"column":55}},"10":{"start":{"line":20,"column":4},"end":{"line":20,"column":58}},"11":{"start":{"line":21,"column":4},"end":{"line":21,"column":27}},"12":{"start":{"line":23,"column":4},"end":{"line":23,"column":39}},"13":{"start":{"line":25,"column":2},"end":{"line":25,"column":41}},"14":{"start":{"line":29,"column":0},"end":{"line":33,"column":2}},"15":{"start":{"line":35,"column":0},"end":{"line":35,"column":25}}},"branchMap":{"1":{"line":4,"type":"if","locations":[{"start":{"line":4,"column":2},"end":{"line":4,"column":2}},{"start":{"line":4,"column":2},"end":{"line":4,"column":2}}]},"2":{"line":18,"type":"if","locations":[{"start":{"line":18,"column":2},"end":{"line":18,"column":2}},{"start":{"line":18,"column":2},"end":{"line":18,"column":2}}]}}},"/Users/mdavis/Desktop/FACN1/week8/Reavis/src/routes/authroutes/logout.js":{"path":"/Users/mdavis/Desktop/FACN1/week8/Reavis/src/routes/authroutes/logout.js","s":{"1":1,"2":0,"3":1,"4":1},"b":{},"f":{},"fnMap":{},"statementMap":{"1":{"start":{"line":1,"column":0},"end":{"line":8,"column":2}},"2":{"start":{"line":2,"column":2},"end":{"line":7,"column":10}},"3":{"start":{"line":10,"column":0},"end":{"line":14,"column":2}},"4":{"start":{"line":16,"column":0},"end":{"line":16,"column":25}}},"branchMap":{}},"/Users/mdavis/Desktop/FACN1/week8/Reavis/src/views/helpers/helpers.js":{"path":"/Users/mdavis/Desktop/FACN1/week8/Reavis/src/views/helpers/helpers.js","s":{},"b":{},"f":{},"fnMap":{},"statementMap":{},"branchMap":{}}}