{"/home/suuuuha/week7/week7-ifitmake-suHapi/src/server.js":{"path":"/home/suuuuha/week7/week7-ifitmake-suHapi/src/server.js","s":{"1":1,"2":1,"3":1,"4":1,"5":1,"6":1,"7":1,"8":1,"9":1,"10":0,"11":1,"12":1,"13":1,"14":1,"15":0,"16":1,"17":1},"b":{"1":[1,1],"2":[0,1],"3":[0,1]},"f":{},"fnMap":{},"statementMap":{"1":{"start":{"line":1,"column":0},"end":{"line":1,"column":29}},"2":{"start":{"line":2,"column":0},"end":{"line":2,"column":33}},"3":{"start":{"line":3,"column":0},"end":{"line":3,"column":29}},"4":{"start":{"line":4,"column":0},"end":{"line":4,"column":44}},"5":{"start":{"line":5,"column":0},"end":{"line":5,"column":31}},"6":{"start":{"line":7,"column":0},"end":{"line":7,"column":32}},"7":{"start":{"line":9,"column":0},"end":{"line":11,"column":2}},"8":{"start":{"line":13,"column":0},"end":{"line":34,"column":2}},"9":{"start":{"line":14,"column":2},"end":{"line":14,"column":24}},"10":{"start":{"line":14,"column":12},"end":{"line":14,"column":24}},"11":{"start":{"line":16,"column":2},"end":{"line":26,"column":4}},"12":{"start":{"line":27,"column":2},"end":{"line":27,"column":23}},"13":{"start":{"line":29,"column":2},"end":{"line":33,"column":4}},"14":{"start":{"line":30,"column":4},"end":{"line":30,"column":26}},"15":{"start":{"line":30,"column":14},"end":{"line":30,"column":26}},"16":{"start":{"line":32,"column":4},"end":{"line":32,"column":55}},"17":{"start":{"line":36,"column":0},"end":{"line":36,"column":24}}},"branchMap":{"1":{"line":10,"type":"binary-expr","locations":[{"start":{"line":10,"column":8},"end":{"line":10,"column":24}},{"start":{"line":10,"column":28},"end":{"line":10,"column":32}}]},"2":{"line":14,"type":"if","locations":[{"start":{"line":14,"column":2},"end":{"line":14,"column":2}},{"start":{"line":14,"column":2},"end":{"line":14,"column":2}}]},"3":{"line":30,"type":"if","locations":[{"start":{"line":30,"column":4},"end":{"line":30,"column":4}},{"start":{"line":30,"column":4},"end":{"line":30,"column":4}}]}}},"/home/suuuuha/week7/week7-ifitmake-suHapi/src/routes/index.js":{"path":"/home/suuuuha/week7/week7-ifitmake-suHapi/src/routes/index.js","s":{"1":1,"2":1,"3":1},"b":{},"f":{},"fnMap":{},"statementMap":{"1":{"start":{"line":1,"column":0},"end":{"line":1,"column":41}},"2":{"start":{"line":2,"column":0},"end":{"line":2,"column":45}},"3":{"start":{"line":4,"column":0},"end":{"line":6,"column":2}}},"branchMap":{}},"/home/suuuuha/week7/week7-ifitmake-suHapi/src/routes/home.js":{"path":"/home/suuuuha/week7/week7-ifitmake-suHapi/src/routes/home.js","s":{"1":1,"2":1,"3":1,"4":1,"5":1},"b":{},"f":{},"fnMap":{},"statementMap":{"1":{"start":{"line":1,"column":0},"end":{"line":7,"column":1}},"2":{"start":{"line":2,"column":2},"end":{"line":5,"column":3}},"3":{"start":{"line":6,"column":2},"end":{"line":6,"column":28}},"4":{"start":{"line":9,"column":0},"end":{"line":13,"column":2}},"5":{"start":{"line":15,"column":0},"end":{"line":15,"column":25}}},"branchMap":{}},"/home/suuuuha/week7/week7-ifitmake-suHapi/src/routes/static.js":{"path":"/home/suuuuha/week7/week7-ifitmake-suHapi/src/routes/static.js","s":{"1":1},"b":{},"f":{},"fnMap":{},"statementMap":{"1":{"start":{"line":1,"column":0},"end":{"line":9,"column":1}}},"branchMap":{}},"/home/suuuuha/week7/week7-ifitmake-suHapi/src/views/helpers/helpers.js":{"path":"/home/suuuuha/week7/week7-ifitmake-suHapi/src/views/helpers/helpers.js","s":{},"b":{},"f":{},"fnMap":{},"statementMap":{},"branchMap":{}}}