TN:
SF:/home/suuuuha/week7/week7-ifitmake-suHapi/src/server.js
FNF:0
FNH:0
DA:1,1
DA:2,1
DA:3,1
DA:4,1
DA:5,1
DA:7,1
DA:9,1
DA:13,1
DA:14,1
DA:16,1
DA:27,1
DA:29,1
DA:30,1
DA:32,1
DA:36,1
LF:15
LH:15
BRDA:10,1,0,1
BRDA:10,1,1,1
BRDA:14,2,0,0
BRDA:14,2,1,1
BRDA:30,3,0,0
BRDA:30,3,1,1
BRF:6
BRH:4
end_of_record
TN:
SF:/home/suuuuha/week7/week7-ifitmake-suHapi/src/routes/index.js
FNF:0
FNH:0
DA:1,1
DA:2,1
DA:4,1
LF:3
LH:3
BRF:0
BRH:0
end_of_record
TN:
SF:/home/suuuuha/week7/week7-ifitmake-suHapi/src/routes/home.js
FNF:0
FNH:0
DA:1,1
DA:2,1
DA:6,1
DA:9,1
DA:15,1
LF:5
LH:5
BRF:0
BRH:0
end_of_record
TN:
SF:/home/suuuuha/week7/week7-ifitmake-suHapi/src/routes/static.js
FNF:0
FNH:0
DA:1,1
LF:1
LH:1
BRF:0
BRH:0
end_of_record
TN:
SF:/home/suuuuha/week7/week7-ifitmake-suHapi/src/views/helpers/helpers.js
FNF:0
FNH:0
LF:0
LH:0
BRF:0
BRH:0
end_of_record
