TN:
SF:/Users/mdavis/Desktop/FACN1/week8/Reavis/src/server.js
FNF:0
FNH:0
DA:1,1
DA:2,1
DA:3,1
DA:4,1
DA:5,1
DA:6,1
DA:7,1
DA:9,1
DA:10,1
DA:11,1
DA:13,0
DA:17,1
DA:25,1
DA:29,1
DA:30,1
DA:32,1
DA:43,1
DA:48,1
DA:51,1
LF:19
LH:18
BRDA:10,1,0,1
BRDA:10,1,1,0
BRDA:26,2,0,1
BRDA:26,2,1,1
BRDA:30,3,0,0
BRDA:30,3,1,1
BRF:6
BRH:4
end_of_record
TN:
SF:/Users/mdavis/Desktop/FACN1/week8/Reavis/src/routes/index.js
FNF:0
FNH:0
DA:1,1
DA:2,1
DA:3,1
DA:4,1
DA:5,1
DA:6,1
DA:7,1
DA:8,1
DA:10,1
LF:9
LH:9
BRF:0
BRH:0
end_of_record
TN:
SF:/Users/mdavis/Desktop/FACN1/week8/Reavis/src/routes/viewroutes/home.js
FNF:0
FNH:0
DA:1,1
DA:3,1
DA:4,1
DA:5,0
DA:6,0
DA:9,1
DA:10,1
DA:11,1
DA:13,1
DA:14,0
DA:15,0
DA:16,0
DA:19,1
DA:27,1
DA:31,1
DA:37,1
LF:16
LH:11
BRDA:4,1,0,0
BRDA:4,1,1,1
BRDA:13,2,0,0
BRDA:13,2,1,1
BRF:4
BRH:2
end_of_record
TN:
SF:/Users/mdavis/Desktop/FACN1/week8/Reavis/src/queries/query.js
FNF:0
FNH:0
DA:1,1
DA:4,1
DA:5,3
DA:8,1
DA:9,0
DA:10,0
DA:15,1
DA:16,0
DA:19,1
DA:20,0
DA:21,0
DA:22,0
DA:23,0
DA:25,0
DA:29,1
LF:15
LH:7
BRDA:21,1,0,0
BRDA:21,1,1,0
BRF:2
BRH:0
end_of_record
TN:
SF:/Users/mdavis/Desktop/FACN1/week8/Reavis/database/db_connection.js
FNF:0
FNH:0
DA:1,1
DA:2,1
DA:3,1
DA:5,1
DA:7,1
DA:8,1
DA:10,1
DA:19,1
DA:21,1
LF:9
LH:9
BRDA:5,1,0,0
BRDA:5,1,1,1
BRDA:14,2,0,1
BRDA:14,2,1,1
BRF:4
BRH:3
end_of_record
TN:
SF:/Users/mdavis/Desktop/FACN1/week8/Reavis/src/routes/static.js
FNF:0
FNH:0
DA:1,1
LF:1
LH:1
BRF:0
BRH:0
end_of_record
TN:
SF:/Users/mdavis/Desktop/FACN1/week8/Reavis/src/routes/viewroutes/search.js
FNF:0
FNH:0
DA:1,1
DA:3,1
DA:4,0
DA:5,0
DA:6,0
DA:7,0
DA:8,0
DA:11,0
DA:12,0
DA:13,0
DA:15,0
DA:16,0
DA:17,0
DA:18,0
DA:21,0
DA:22,0
DA:30,0
DA:32,0
DA:40,0
DA:46,1
DA:52,1
LF:21
LH:4
BRDA:6,1,0,0
BRDA:6,1,1,0
BRDA:15,2,0,0
BRDA:15,2,1,0
BRDA:21,3,0,0
BRDA:21,3,1,0
BRF:6
BRH:0
end_of_record
TN:
SF:/Users/mdavis/Desktop/FACN1/week8/Reavis/src/routes/addMember.js
FNF:0
FNH:0
DA:1,1
DA:2,1
DA:4,1
DA:5,0
DA:6,0
DA:7,0
DA:8,0
DA:10,0
DA:13,0
DA:16,1
DA:33,1
LF:11
LH:5
BRDA:6,1,0,0
BRDA:6,1,1,0
BRF:2
BRH:0
end_of_record
TN:
SF:/Users/mdavis/Desktop/FACN1/week8/Reavis/src/routes/authroutes/login.js
FNF:0
FNH:0
DA:1,1
DA:2,1
DA:4,1
DA:5,0
DA:9,0
DA:10,0
DA:13,1
DA:19,1
LF:8
LH:5
BRF:0
BRH:0
end_of_record
TN:
SF:/Users/mdavis/Desktop/FACN1/week8/Reavis/src/routes/authroutes/welcome.js
FNF:0
FNH:0
DA:1,1
DA:2,1
DA:3,1
DA:4,1
DA:7,1
DA:8,0
DA:10,0
DA:15,0
DA:21,0
DA:22,0
DA:23,0
DA:24,0
DA:26,0
DA:27,0
DA:28,0
DA:30,0
DA:34,0
DA:38,0
DA:39,0
DA:40,0
DA:41,0
DA:45,0
DA:53,0
DA:54,0
DA:55,0
DA:66,1
DA:72,1
LF:27
LH:7
BRDA:22,1,0,0
BRDA:22,1,1,0
BRDA:26,2,0,0
BRDA:26,2,1,0
BRF:4
BRH:0
end_of_record
TN:
SF:/Users/mdavis/Desktop/FACN1/week8/Reavis/src/routes/viewroutes/addform.js
FNF:0
FNH:0
DA:1,1
DA:3,2
DA:4,2
DA:5,0
DA:6,0
DA:9,2
DA:18,2
DA:19,1
DA:20,1
DA:21,1
DA:23,1
DA:25,1
DA:29,1
DA:35,1
LF:14
LH:12
BRDA:4,1,0,0
BRDA:4,1,1,2
BRDA:18,2,0,1
BRDA:18,2,1,1
BRF:4
BRH:3
end_of_record
TN:
SF:/Users/mdavis/Desktop/FACN1/week8/Reavis/src/routes/authroutes/logout.js
FNF:0
FNH:0
DA:1,1
DA:2,0
DA:10,1
DA:16,1
LF:4
LH:3
BRF:0
BRH:0
end_of_record
TN:
SF:/Users/mdavis/Desktop/FACN1/week8/Reavis/src/views/helpers/helpers.js
FNF:0
FNH:0
LF:0
LH:0
BRF:0
BRH:0
end_of_record
